0 info it worked if it ends with ok
1 verbose cli [
1 verbose cli   'C:\\Program Files\\nodejs_new\\node.exe',
1 verbose cli   'C:\\Users\\EliteBook\\AppData\\Roaming\\npm\\node_modules\\npm\\bin\\npm-cli.js',
1 verbose cli   'install',
1 verbose cli   '--save-dev',
1 verbose cli   'hint@7.x'
1 verbose cli ]
2 info using npm@4.1.0
3 info using node@v18.16.0
4 silly loadCurrentTree Starting
5 silly install loadCurrentTree
6 silly install readLocalPackageData
7 verbose stack TypeError: cb.apply is not a function
7 verbose stack     at C:\Users\EliteBook\AppData\Roaming\npm\node_modules\npm\node_modules\graceful-fs\polyfills.js:287:18
7 verbose stack     at FSReqCallback.oncomplete (node:fs:209:5)
8 verbose cwd C:\hellomicroverse
9 error Windows_NT 10.0.22000
10 error argv "C:\\Program Files\\nodejs_new\\node.exe" "C:\\Users\\EliteBook\\AppData\\Roaming\\npm\\node_modules\\npm\\bin\\npm-cli.js" "install" "--save-dev" "hint@7.x"
11 error node v18.16.0
12 error npm  v4.1.0
13 error cb.apply is not a function
14 error If you need help, you may report this error at:
14 error     <https://github.com/npm/npm/issues>
15 verbose exit [ 1, true ]
